[ERROR] 2017-03-06 20:26:15.985 [main] MysqlWriter - Error occured when inserting Property: 
java.sql.SQLException: Data truncated for column 'useCode' at row 1
	at com.mysql.jdbc.SQLError.createSQLException(SQLError.java:957) ~[mysql-connector-java-5.1.38-bin.jar:5.1.38]
	at com.mysql.jdbc.MysqlIO.checkErrorPacket(MysqlIO.java:3878) ~[mysql-connector-java-5.1.38-bin.jar:5.1.38]
	at com.mysql.jdbc.MysqlIO.checkErrorPacket(MysqlIO.java:3814) ~[mysql-connector-java-5.1.38-bin.jar:5.1.38]
	at com.mysql.jdbc.MysqlIO.sendCommand(MysqlIO.java:2478) ~[mysql-connector-java-5.1.38-bin.jar:5.1.38]
	at com.mysql.jdbc.MysqlIO.sqlQueryDirect(MysqlIO.java:2625) ~[mysql-connector-java-5.1.38-bin.jar:5.1.38]
	at com.mysql.jdbc.ConnectionImpl.execSQL(ConnectionImpl.java:2551) ~[mysql-connector-java-5.1.38-bin.jar:5.1.38]
	at com.mysql.jdbc.PreparedStatement.executeInternal(PreparedStatement.java:1861) ~[mysql-connector-java-5.1.38-bin.jar:5.1.38]
	at com.mysql.jdbc.PreparedStatement.execute(PreparedStatement.java:1192) ~[mysql-connector-java-5.1.38-bin.jar:5.1.38]
	at main.java.dbConnectors.MysqlWriter.insertObject(MysqlWriter.java:234) [classes/:?]
	at main.java.classes_for_db.Property.writeToDB(Property.java:1417) [classes/:?]
	at main.java.execute.Executor.getDataForAddress(Executor.java:122) [classes/:?]
	at main.java.execute.Executor.run(Executor.java:67) [classes/:?]
	at main.java.execute.Main.main(Main.java:55) [classes/:?]
[ERROR] 2017-03-06 20:26:16.038 [main] MysqlWriter - There was an error converting and/or formatting a String in method insertObject(Zestimate z) in MysqlWriter
java.util.UnknownFormatConversionException: Conversion = 'i'
	at java.util.Formatter$FormatSpecifier.conversion(Formatter.java:2691) ~[?:1.8.0_60]
	at java.util.Formatter$FormatSpecifier.<init>(Formatter.java:2720) ~[?:1.8.0_60]
	at java.util.Formatter.parse(Formatter.java:2560) ~[?:1.8.0_60]
	at java.util.Formatter.format(Formatter.java:2501) ~[?:1.8.0_60]
	at java.util.Formatter.format(Formatter.java:2455) ~[?:1.8.0_60]
	at java.lang.String.format(String.java:2940) ~[?:1.8.0_60]
	at main.java.dbConnectors.MysqlWriter.insertObject(MysqlWriter.java:38) [classes/:?]
	at main.java.classes_for_db.Zestimate.writeToDB(Zestimate.java:469) [classes/:?]
	at main.java.classes_for_db.Property.writeToDB(Property.java:1420) [classes/:?]
	at main.java.execute.Executor.getDataForAddress(Executor.java:122) [classes/:?]
	at main.java.execute.Executor.run(Executor.java:67) [classes/:?]
	at main.java.execute.Main.main(Main.java:55) [classes/:?]
[ERROR] 2017-03-06 20:30:17.849 [main] MysqlWriter - Error occured when inserting Property: 
java.sql.SQLException: Data truncated for column 'useCode' at row 1
	at com.mysql.jdbc.SQLError.createSQLException(SQLError.java:957) ~[mysql-connector-java-5.1.38-bin.jar:5.1.38]
	at com.mysql.jdbc.MysqlIO.checkErrorPacket(MysqlIO.java:3878) ~[mysql-connector-java-5.1.38-bin.jar:5.1.38]
	at com.mysql.jdbc.MysqlIO.checkErrorPacket(MysqlIO.java:3814) ~[mysql-connector-java-5.1.38-bin.jar:5.1.38]
	at com.mysql.jdbc.MysqlIO.sendCommand(MysqlIO.java:2478) ~[mysql-connector-java-5.1.38-bin.jar:5.1.38]
	at com.mysql.jdbc.MysqlIO.sqlQueryDirect(MysqlIO.java:2625) ~[mysql-connector-java-5.1.38-bin.jar:5.1.38]
	at com.mysql.jdbc.ConnectionImpl.execSQL(ConnectionImpl.java:2551) ~[mysql-connector-java-5.1.38-bin.jar:5.1.38]
	at com.mysql.jdbc.PreparedStatement.executeInternal(PreparedStatement.java:1861) ~[mysql-connector-java-5.1.38-bin.jar:5.1.38]
	at com.mysql.jdbc.PreparedStatement.execute(PreparedStatement.java:1192) ~[mysql-connector-java-5.1.38-bin.jar:5.1.38]
	at main.java.dbConnectors.MysqlWriter.insertObject(MysqlWriter.java:234) [classes/:?]
	at main.java.classes_for_db.Property.writeToDB(Property.java:1417) [classes/:?]
	at main.java.execute.Executor.getDataForAddress(Executor.java:122) [classes/:?]
	at main.java.execute.Executor.run(Executor.java:67) [classes/:?]
	at main.java.execute.Main.main(Main.java:55) [classes/:?]
[ERROR] 2017-03-06 20:30:20.462 [main] MysqlWriter - Error occured when inserting Property: 
java.sql.SQLException: Data truncated for column 'useCode' at row 1
	at com.mysql.jdbc.SQLError.createSQLException(SQLError.java:957) ~[mysql-connector-java-5.1.38-bin.jar:5.1.38]
	at com.mysql.jdbc.MysqlIO.checkErrorPacket(MysqlIO.java:3878) ~[mysql-connector-java-5.1.38-bin.jar:5.1.38]
	at com.mysql.jdbc.MysqlIO.checkErrorPacket(MysqlIO.java:3814) ~[mysql-connector-java-5.1.38-bin.jar:5.1.38]
	at com.mysql.jdbc.MysqlIO.sendCommand(MysqlIO.java:2478) ~[mysql-connector-java-5.1.38-bin.jar:5.1.38]
	at com.mysql.jdbc.MysqlIO.sqlQueryDirect(MysqlIO.java:2625) ~[mysql-connector-java-5.1.38-bin.jar:5.1.38]
	at com.mysql.jdbc.ConnectionImpl.execSQL(ConnectionImpl.java:2551) ~[mysql-connector-java-5.1.38-bin.jar:5.1.38]
	at com.mysql.jdbc.PreparedStatement.executeInternal(PreparedStatement.java:1861) ~[mysql-connector-java-5.1.38-bin.jar:5.1.38]
	at com.mysql.jdbc.PreparedStatement.execute(PreparedStatement.java:1192) ~[mysql-connector-java-5.1.38-bin.jar:5.1.38]
	at main.java.dbConnectors.MysqlWriter.insertObject(MysqlWriter.java:234) [classes/:?]
	at main.java.classes_for_db.Property.writeToDB(Property.java:1417) [classes/:?]
	at main.java.execute.Executor.getDataForAddress(Executor.java:122) [classes/:?]
	at main.java.execute.Executor.run(Executor.java:67) [classes/:?]
	at main.java.execute.Main.main(Main.java:55) [classes/:?]
[ERROR] 2017-03-06 20:34:15.751 [main] MysqlWriter - Error occured when inserting Property: 
java.sql.SQLException: Data truncated for column 'useCode' at row 1
	at com.mysql.jdbc.SQLError.createSQLException(SQLError.java:957) ~[mysql-connector-java-5.1.38-bin.jar:5.1.38]
	at com.mysql.jdbc.MysqlIO.checkErrorPacket(MysqlIO.java:3878) ~[mysql-connector-java-5.1.38-bin.jar:5.1.38]
	at com.mysql.jdbc.MysqlIO.checkErrorPacket(MysqlIO.java:3814) ~[mysql-connector-java-5.1.38-bin.jar:5.1.38]
	at com.mysql.jdbc.MysqlIO.sendCommand(MysqlIO.java:2478) ~[mysql-connector-java-5.1.38-bin.jar:5.1.38]
	at com.mysql.jdbc.MysqlIO.sqlQueryDirect(MysqlIO.java:2625) ~[mysql-connector-java-5.1.38-bin.jar:5.1.38]
	at com.mysql.jdbc.ConnectionImpl.execSQL(ConnectionImpl.java:2551) ~[mysql-connector-java-5.1.38-bin.jar:5.1.38]
	at com.mysql.jdbc.PreparedStatement.executeInternal(PreparedStatement.java:1861) ~[mysql-connector-java-5.1.38-bin.jar:5.1.38]
	at com.mysql.jdbc.PreparedStatement.execute(PreparedStatement.java:1192) ~[mysql-connector-java-5.1.38-bin.jar:5.1.38]
	at main.java.dbConnectors.MysqlWriter.insertObject(MysqlWriter.java:234) [classes/:?]
	at main.java.classes_for_db.Property.writeToDB(Property.java:1417) [classes/:?]
	at main.java.execute.Executor.getDataForAddress(Executor.java:122) [classes/:?]
	at main.java.execute.Executor.run(Executor.java:67) [classes/:?]
	at main.java.execute.Main.main(Main.java:55) [classes/:?]
[ERROR] 2017-03-06 20:34:18.165 [main] MysqlWriter - Error occured when inserting Property: 
java.sql.SQLException: Data truncated for column 'useCode' at row 1
	at com.mysql.jdbc.SQLError.createSQLException(SQLError.java:957) ~[mysql-connector-java-5.1.38-bin.jar:5.1.38]
	at com.mysql.jdbc.MysqlIO.checkErrorPacket(MysqlIO.java:3878) ~[mysql-connector-java-5.1.38-bin.jar:5.1.38]
	at com.mysql.jdbc.MysqlIO.checkErrorPacket(MysqlIO.java:3814) ~[mysql-connector-java-5.1.38-bin.jar:5.1.38]
	at com.mysql.jdbc.MysqlIO.sendCommand(MysqlIO.java:2478) ~[mysql-connector-java-5.1.38-bin.jar:5.1.38]
	at com.mysql.jdbc.MysqlIO.sqlQueryDirect(MysqlIO.java:2625) ~[mysql-connector-java-5.1.38-bin.jar:5.1.38]
	at com.mysql.jdbc.ConnectionImpl.execSQL(ConnectionImpl.java:2551) ~[mysql-connector-java-5.1.38-bin.jar:5.1.38]
	at com.mysql.jdbc.PreparedStatement.executeInternal(PreparedStatement.java:1861) ~[mysql-connector-java-5.1.38-bin.jar:5.1.38]
	at com.mysql.jdbc.PreparedStatement.execute(PreparedStatement.java:1192) ~[mysql-connector-java-5.1.38-bin.jar:5.1.38]
	at main.java.dbConnectors.MysqlWriter.insertObject(MysqlWriter.java:234) [classes/:?]
	at main.java.classes_for_db.Property.writeToDB(Property.java:1417) [classes/:?]
	at main.java.execute.Executor.getDataForAddress(Executor.java:122) [classes/:?]
	at main.java.execute.Executor.run(Executor.java:67) [classes/:?]
	at main.java.execute.Main.main(Main.java:55) [classes/:?]
