[ERROR] 2016-12-08 23:05:32.271 [main] Executor - IOException occurred while making the api call for propery details. 
URL: http://www.zillow.com/webservice/GetUpdatedPropertyDetails.htm?zws-id=X1-ZWz19thqfce13f_3s95g&zpid=37279691
org.apache.http.client.HttpResponseException: Internal Server Error
	at org.apache.http.impl.client.AbstractResponseHandler.handleResponse(AbstractResponseHandler.java:69) ~[httpclient-4.5.2.jar:4.5.2]
	at org.apache.http.client.fluent.Response.handleResponse(Response.java:90) ~[fluent-hc-4.5.2.jar:4.5.2]
	at org.apache.http.client.fluent.Response.returnContent(Response.java:97) ~[fluent-hc-4.5.2.jar:4.5.2]
	at main.java.api_calls.GenericZillowAPICaller.makeApiCall(GenericZillowAPICaller.java:36) ~[classes/:?]
	at main.java.api_calls.GenericZillowAPICaller.makeApiCall(GenericZillowAPICaller.java:43) ~[classes/:?]
	at main.java.execute.Executor.processPropertyDetails(Executor.java:161) [classes/:?]
	at main.java.execute.Executor.getDataForAddress(Executor.java:117) [classes/:?]
	at main.java.execute.Executor.run(Executor.java:64) [classes/:?]
	at main.java.execute.Main.main(Main.java:55) [classes/:?]
[ERROR] 2016-12-08 23:09:32.008 [main] MysqlWriter - Property Details could not be inserted for zpid: 52893075
com.mysql.jdbc.MysqlDataTruncation: Data truncation: Data too long for column 'parking_type' at row 1
	at com.mysql.jdbc.MysqlIO.checkErrorPacket(MysqlIO.java:3876) ~[mysql-connector-java-5.1.38-bin.jar:5.1.38]
	at com.mysql.jdbc.MysqlIO.checkErrorPacket(MysqlIO.java:3814) ~[mysql-connector-java-5.1.38-bin.jar:5.1.38]
	at com.mysql.jdbc.MysqlIO.sendCommand(MysqlIO.java:2478) ~[mysql-connector-java-5.1.38-bin.jar:5.1.38]
	at com.mysql.jdbc.MysqlIO.sqlQueryDirect(MysqlIO.java:2625) ~[mysql-connector-java-5.1.38-bin.jar:5.1.38]
	at com.mysql.jdbc.ConnectionImpl.execSQL(ConnectionImpl.java:2551) ~[mysql-connector-java-5.1.38-bin.jar:5.1.38]
	at com.mysql.jdbc.PreparedStatement.executeInternal(PreparedStatement.java:1861) ~[mysql-connector-java-5.1.38-bin.jar:5.1.38]
	at com.mysql.jdbc.PreparedStatement.execute(PreparedStatement.java:1192) ~[mysql-connector-java-5.1.38-bin.jar:5.1.38]
	at main.java.dbConnectors.MysqlWriter.insertObject(MysqlWriter.java:275) [classes/:?]
	at main.java.classes_for_db.PropertyDetails.writeToDB(PropertyDetails.java:467) [classes/:?]
	at main.java.execute.Executor.processPropertyDetails(Executor.java:167) [classes/:?]
	at main.java.execute.Executor.getDataForAddress(Executor.java:117) [classes/:?]
	at main.java.execute.Executor.run(Executor.java:64) [classes/:?]
	at main.java.execute.Main.main(Main.java:55) [classes/:?]
[ERROR] 2016-12-08 23:13:27.145 [main] MysqlWriter - Property Details could not be inserted for zpid: 39742025
com.mysql.jdbc.MysqlDataTruncation: Data truncation: Data too long for column 'parking_type' at row 1
	at com.mysql.jdbc.MysqlIO.checkErrorPacket(MysqlIO.java:3876) ~[mysql-connector-java-5.1.38-bin.jar:5.1.38]
	at com.mysql.jdbc.MysqlIO.checkErrorPacket(MysqlIO.java:3814) ~[mysql-connector-java-5.1.38-bin.jar:5.1.38]
	at com.mysql.jdbc.MysqlIO.sendCommand(MysqlIO.java:2478) ~[mysql-connector-java-5.1.38-bin.jar:5.1.38]
	at com.mysql.jdbc.MysqlIO.sqlQueryDirect(MysqlIO.java:2625) ~[mysql-connector-java-5.1.38-bin.jar:5.1.38]
	at com.mysql.jdbc.ConnectionImpl.execSQL(ConnectionImpl.java:2551) ~[mysql-connector-java-5.1.38-bin.jar:5.1.38]
	at com.mysql.jdbc.PreparedStatement.executeInternal(PreparedStatement.java:1861) ~[mysql-connector-java-5.1.38-bin.jar:5.1.38]
	at com.mysql.jdbc.PreparedStatement.execute(PreparedStatement.java:1192) ~[mysql-connector-java-5.1.38-bin.jar:5.1.38]
	at main.java.dbConnectors.MysqlWriter.insertObject(MysqlWriter.java:275) [classes/:?]
	at main.java.classes_for_db.PropertyDetails.writeToDB(PropertyDetails.java:467) [classes/:?]
	at main.java.execute.Executor.processPropertyDetails(Executor.java:167) [classes/:?]
	at main.java.execute.Executor.getDataForAddress(Executor.java:117) [classes/:?]
	at main.java.execute.Executor.run(Executor.java:64) [classes/:?]
	at main.java.execute.Main.main(Main.java:55) [classes/:?]
[ERROR] 2016-12-08 23:14:06.437 [main] MysqlWriter - Property Details could not be inserted for zpid: 39742553
com.mysql.jdbc.MysqlDataTruncation: Data truncation: Data too long for column 'roof_type' at row 1
	at com.mysql.jdbc.MysqlIO.checkErrorPacket(MysqlIO.java:3876) ~[mysql-connector-java-5.1.38-bin.jar:5.1.38]
	at com.mysql.jdbc.MysqlIO.checkErrorPacket(MysqlIO.java:3814) ~[mysql-connector-java-5.1.38-bin.jar:5.1.38]
	at com.mysql.jdbc.MysqlIO.sendCommand(MysqlIO.java:2478) ~[mysql-connector-java-5.1.38-bin.jar:5.1.38]
	at com.mysql.jdbc.MysqlIO.sqlQueryDirect(MysqlIO.java:2625) ~[mysql-connector-java-5.1.38-bin.jar:5.1.38]
	at com.mysql.jdbc.ConnectionImpl.execSQL(ConnectionImpl.java:2551) ~[mysql-connector-java-5.1.38-bin.jar:5.1.38]
	at com.mysql.jdbc.PreparedStatement.executeInternal(PreparedStatement.java:1861) ~[mysql-connector-java-5.1.38-bin.jar:5.1.38]
	at com.mysql.jdbc.PreparedStatement.execute(PreparedStatement.java:1192) ~[mysql-connector-java-5.1.38-bin.jar:5.1.38]
	at main.java.dbConnectors.MysqlWriter.insertObject(MysqlWriter.java:275) [classes/:?]
	at main.java.classes_for_db.PropertyDetails.writeToDB(PropertyDetails.java:467) [classes/:?]
	at main.java.execute.Executor.processPropertyDetails(Executor.java:167) [classes/:?]
	at main.java.execute.Executor.getDataForAddress(Executor.java:117) [classes/:?]
	at main.java.execute.Executor.run(Executor.java:64) [classes/:?]
	at main.java.execute.Main.main(Main.java:55) [classes/:?]
[ERROR] 2016-12-08 23:14:47.115 [main] MysqlWriter - Property Details could not be inserted for zpid: 39791121
com.mysql.jdbc.MysqlDataTruncation: Data truncation: Data too long for column 'parking_type' at row 1
	at com.mysql.jdbc.MysqlIO.checkErrorPacket(MysqlIO.java:3876) ~[mysql-connector-java-5.1.38-bin.jar:5.1.38]
	at com.mysql.jdbc.MysqlIO.checkErrorPacket(MysqlIO.java:3814) ~[mysql-connector-java-5.1.38-bin.jar:5.1.38]
	at com.mysql.jdbc.MysqlIO.sendCommand(MysqlIO.java:2478) ~[mysql-connector-java-5.1.38-bin.jar:5.1.38]
	at com.mysql.jdbc.MysqlIO.sqlQueryDirect(MysqlIO.java:2625) ~[mysql-connector-java-5.1.38-bin.jar:5.1.38]
	at com.mysql.jdbc.ConnectionImpl.execSQL(ConnectionImpl.java:2551) ~[mysql-connector-java-5.1.38-bin.jar:5.1.38]
	at com.mysql.jdbc.PreparedStatement.executeInternal(PreparedStatement.java:1861) ~[mysql-connector-java-5.1.38-bin.jar:5.1.38]
	at com.mysql.jdbc.PreparedStatement.execute(PreparedStatement.java:1192) ~[mysql-connector-java-5.1.38-bin.jar:5.1.38]
	at main.java.dbConnectors.MysqlWriter.insertObject(MysqlWriter.java:275) [classes/:?]
	at main.java.classes_for_db.PropertyDetails.writeToDB(PropertyDetails.java:467) [classes/:?]
	at main.java.execute.Executor.processPropertyDetails(Executor.java:167) [classes/:?]
	at main.java.execute.Executor.getDataForAddress(Executor.java:117) [classes/:?]
	at main.java.execute.Executor.run(Executor.java:64) [classes/:?]
	at main.java.execute.Main.main(Main.java:55) [classes/:?]
